<?xml version="1.0" encoding="UTF-8"?>
<testsuite name="com.my.backend.BackendApplicationTests" tests="1" skipped="0" failures="0" errors="0" timestamp="2025-03-26T03:06:36.757Z" hostname="DESKTOP-KJREM9L" time="1.018">
  <properties/>
  <testcase name="contextLoads()" classname="com.my.backend.BackendApplicationTests" time="1.018"/>
  <system-out><![CDATA[12:06:32.576 [Test worker] INFO org.springframework.test.context.support.AnnotationConfigContextLoaderUtils -- Could not detect default configuration classes for test class [com.my.backend.BackendApplicationTests]: BackendApplicationTests does not declare any static, non-private, non-final, nested classes annotated with @Configuration.
12:06:32.773 [Test worker] INFO org.springframework.boot.test.context.SpringBootTestContextBootstrapper -- Found @SpringBootConfiguration com.my.backend.BackendApplication for test class com.my.backend.BackendApplicationTests

  .   ____          _            __ _ _
 /\\ / ___'_ __ _ _(_)_ __  __ _ \ \ \ \
( ( )\___ | '_ | '_| | '_ \/ _` | \ \ \ \
 \\/  ___)| |_)| | | | | || (_| |  ) ) ) )
  '  |____| .__|_| |_|_| |_\__, | / / / /
 =========|_|==============|___/=/_/_/_/

 :: Spring Boot ::                (v3.4.4)

2025-03-26T12:06:33.362+09:00  INFO 9860 --- [backend] [    Test worker] com.my.backend.BackendApplicationTests   : Starting BackendApplicationTests using Java 17.0.13 with PID 9860 (started by 80400 in C:\zzzMini\fullstack-depoly\backend)
2025-03-26T12:06:33.364+09:00  INFO 9860 --- [backend] [    Test worker] com.my.backend.BackendApplicationTests   : No active profile set, falling back to 1 default profile: "default"
2025-03-26T12:06:34.186+09:00  INFO 9860 --- [backend] [    Test worker] .s.d.r.c.RepositoryConfigurationDelegate : Bootstrapping Spring Data JPA repositories in DEFAULT mode.
2025-03-26T12:06:34.215+09:00  INFO 9860 --- [backend] [    Test worker] .s.d.r.c.RepositoryConfigurationDelegate : Finished Spring Data repository scanning in 16 ms. Found 0 JPA repository interfaces.
2025-03-26T12:06:34.622+09:00  INFO 9860 --- [backend] [    Test worker] com.zaxxer.hikari.HikariDataSource       : HikariPool-1 - Starting...
2025-03-26T12:06:34.864+09:00  INFO 9860 --- [backend] [    Test worker] com.zaxxer.hikari.pool.HikariPool        : HikariPool-1 - Added connection conn0: url=jdbc:h2:mem:08f4e33f-cb31-4abc-9fae-baec25dbdcfa user=SA
2025-03-26T12:06:34.866+09:00  INFO 9860 --- [backend] [    Test worker] com.zaxxer.hikari.HikariDataSource       : HikariPool-1 - Start completed.
2025-03-26T12:06:34.935+09:00  INFO 9860 --- [backend] [    Test worker] o.hibernate.jpa.internal.util.LogHelper  : HHH000204: Processing PersistenceUnitInfo [name: default]
2025-03-26T12:06:35.017+09:00  INFO 9860 --- [backend] [    Test worker] org.hibernate.Version                    : HHH000412: Hibernate ORM core version 6.6.11.Final
2025-03-26T12:06:35.072+09:00  INFO 9860 --- [backend] [    Test worker] o.h.c.internal.RegionFactoryInitiator    : HHH000026: Second-level cache disabled
2025-03-26T12:06:35.507+09:00  INFO 9860 --- [backend] [    Test worker] o.s.o.j.p.SpringPersistenceUnitInfo      : No LoadTimeWeaver setup: ignoring JPA class transformer
2025-03-26T12:06:35.619+09:00  INFO 9860 --- [backend] [    Test worker] org.hibernate.orm.connections.pooling    : HHH10001005: Database info:
	Database JDBC URL [Connecting through datasource 'HikariDataSource (HikariPool-1)']
	Database driver: undefined/unknown
	Database version: 2.3.232
	Autocommit mode: undefined/unknown
	Isolation level: undefined/unknown
	Minimum pool size: undefined/unknown
	Maximum pool size: undefined/unknown
2025-03-26T12:06:36.048+09:00  INFO 9860 --- [backend] [    Test worker] o.h.e.t.j.p.i.JtaPlatformInitiator       : HHH000489: No JTA platform available (set 'hibernate.transaction.jta.platform' to enable JTA platform integration)
2025-03-26T12:06:36.054+09:00  INFO 9860 --- [backend] [    Test worker] j.LocalContainerEntityManagerFactoryBean : Initialized JPA EntityManagerFactory for persistence unit 'default'
2025-03-26T12:06:36.225+09:00  WARN 9860 --- [backend] [    Test worker] JpaBaseConfiguration$JpaWebConfiguration : spring.jpa.open-in-view is enabled by default. Therefore, database queries may be performed during view rendering. Explicitly configure spring.jpa.open-in-view to disable this warning
2025-03-26T12:06:36.738+09:00  INFO 9860 --- [backend] [    Test worker] com.my.backend.BackendApplicationTests   : Started BackendApplicationTests in 3.735 seconds (process running for 5.506)
]]></system-out>
  <system-err><![CDATA[]]></system-err>
</testsuite>
